2025-08-02 10:51:53 INFO  [ACCESS] POST /notifications/register from 8080 -> 200
2025-08-02 10:52:30 INFO  [ACCESS] POST /notifications/register from 8080 -> 200
2025-08-02 10:52:31 INFO  [ACCESS] GET /transactions from 8080 -> 200
2025-08-02 10:52:33 INFO  [ACCESS] GET /transactions from 8080 -> 200
2025-08-02 10:53:05 INFO  [ACCESS] PUT /transactions/10 from 8080 -> 200
2025-08-02 10:53:57 INFO  [ACCESS] PUT /transactions/10 from 8080 -> 200
2025-08-02 15:55:43 INFO  [ACCESS] GET /transactions from 8080 -> 200
2025-08-02 15:55:51 INFO  [ACCESS] POST /notifications/register from 8080 -> 200
2025-08-02 15:57:22 INFO  [ACCESS] PUT /transactions/8 from 8080 -> 200
2025-08-02 16:03:27 INFO  [ACCESS] GET /transactions from 8080 -> 200
2025-08-02 16:03:33 INFO  [ACCESS] POST /notifications/register from 8080 -> 200
2025-08-02 16:03:58 INFO  [ACCESS] PUT /transactions/8 from 8080 -> 200
2025-08-02 16:05:34 INFO  [ACCESS] GET /transactions from 8080 -> 200
2025-08-02 16:05:39 INFO  [ACCESS] POST /notifications/register from 8080 -> 200
2025-08-02 16:08:37 INFO  [ACCESS] PUT /transactions/7 from 8080 -> 200
2025-08-02 16:08:51 INFO  [ACCESS] PUT /transactions/7 from 8080 -> 200
2025-08-02 16:09:07 INFO  [ACCESS] GET /transactions from 8080 -> 200
2025-08-02 16:09:07 INFO  [ACCESS] POST /notifications/register from 8080 -> 200
2025-08-02 16:13:58 INFO  [ACCESS] GET /transactions from 8080 -> 200
2025-08-02 16:13:58 INFO  [ACCESS] POST /notifications/register from 8080 -> 200
2025-08-02 16:21:50 INFO  [ACCESS] GET /transactions from 8080 -> 200
2025-08-02 16:21:50 INFO  [ACCESS] POST /notifications/register from 8080 -> 200
2025-08-02 16:22:24 INFO  [ACCESS] GET /transactions from 8080 -> 200
2025-08-02 16:22:24 INFO  [ACCESS] POST /notifications/register from 8080 -> 200
2025-08-02 16:22:30 INFO  [ACCESS] GET /transactions from 8080 -> 200
2025-08-02 16:22:30 INFO  [ACCESS] POST /notifications/register from 8080 -> 200
2025-08-02 16:22:56 INFO  [ACCESS] GET /transactions from 8080 -> 200
2025-08-02 16:22:56 INFO  [ACCESS] POST /notifications/register from 8080 -> 200
2025-08-02 16:23:07 INFO  [ACCESS] GET /transactions from 8080 -> 200
2025-08-02 16:23:07 INFO  [ACCESS] POST /notifications/register from 8080 -> 200
2025-08-02 16:23:26 INFO  [ACCESS] PUT /transactions/7 from 8080 -> 200
2025-08-02 16:26:34 INFO  [ACCESS] PUT /transactions/7 from 8080 -> 200
2025-08-02 16:27:57 INFO  [ACCESS] GET /transactions from 8080 -> 200
2025-08-02 16:27:58 INFO  [ACCESS] POST /notifications/register from 8080 -> 200
2025-08-02 16:47:58 INFO  [ACCESS] GET /transactions from 8080 -> 200
2025-08-02 16:47:58 INFO  [ACCESS] POST /notifications/register from 8080 -> 200
2025-08-02 16:49:44 INFO  [ACCESS] GET /transactions from 8080 -> 200
2025-08-02 16:49:44 INFO  [ACCESS] POST /notifications/register from 8080 -> 200
2025-08-02 17:33:43 INFO  [ACCESS] GET /transactions from 8080 -> 200
2025-08-02 17:33:44 INFO  [ACCESS] POST /notifications/register from 8080 -> 200
2025-08-02 17:34:22 INFO  [ACCESS] GET /transactions from 8080 -> 200
2025-08-02 17:34:22 INFO  [ACCESS] POST /notifications/register from 8080 -> 200
2025-08-02 17:35:46 INFO  [ACCESS] GET /transactions from 8080 -> 200
2025-08-02 17:35:47 INFO  [ACCESS] POST /notifications/register from 8080 -> 200
2025-08-02 17:36:36 INFO  [ACCESS] GET /transactions from 8080 -> 200
2025-08-02 17:36:36 INFO  [ACCESS] POST /notifications/register from 8080 -> 200
2025-08-02 17:36:45 INFO  [ACCESS] GET /transactions from 8080 -> 200
2025-08-02 17:36:45 INFO  [ACCESS] POST /notifications/register from 8080 -> 200
2025-08-02 17:36:57 INFO  [ACCESS] PUT /transactions/7 from 8080 -> 200
2025-08-02 17:37:19 INFO  [ACCESS] POST /transactions from 8080 -> 200
2025-08-02 17:37:41 INFO  [ACCESS] POST /transactions from 8080 -> 200
2025-08-02 17:37:53 INFO  [ACCESS] POST /transactions from 8080 -> 200
2025-08-02 17:38:17 INFO  [ACCESS] POST /transactions from 8080 -> 200
2025-08-02 17:38:40 INFO  [ACCESS] GET /transactions from 8080 -> 200
2025-08-02 17:38:40 INFO  [ACCESS] POST /notifications/register from 8080 -> 200
2025-08-02 17:38:47 INFO  [ACCESS] GET /transactions from 8080 -> 200
2025-08-02 17:38:47 INFO  [ACCESS] POST /notifications/register from 8080 -> 200
2025-08-02 18:10:53 INFO  [ACCESS] GET /transactions from 8080 -> 200
2025-08-02 18:15:50 INFO  [ACCESS] GET /transactions from 8080 -> 200
2025-08-02 18:15:54 INFO  [ACCESS] POST /notifications/register from 8080 -> 200
2025-08-02 18:53:07 INFO  [ACCESS] GET /transactions from 8080 -> 200
2025-08-02 18:53:11 INFO  [ACCESS] POST /notifications/register from 8080 -> 200
2025-08-02 19:06:45 INFO  [ACCESS] GET /transactions from 8080 -> 200
2025-08-02 19:06:50 INFO  [ACCESS] POST /notifications/register from 8080 -> 200
2025-08-02 19:09:43 INFO  [ACCESS] GET /transactions from 8080 -> 200
2025-08-02 19:11:38 INFO  [ACCESS] GET /transactions from 8080 -> 200
2025-08-02 19:11:43 INFO  [ACCESS] POST /notifications/register from 8080 -> 200
2025-08-02 19:14:30 INFO  [ACCESS] GET /transactions from 8080 -> 200
2025-08-02 19:14:40 INFO  [ACCESS] POST /notifications/register from 8080 -> 200
2025-08-02 19:15:06 INFO  [ACCESS] POST /transactions from 8080 -> 200
2025-08-02 19:15:25 INFO  [ACCESS] GET /transactions from 8080 -> 200
2025-08-02 19:15:34 INFO  [ACCESS] POST /notifications/register from 8080 -> 200
2025-08-02 20:49:35 INFO  [ACCESS] GET /transactions from 8080 -> 200
2025-08-02 20:49:35 INFO  [ACCESS] POST /notifications/register from 8080 -> 200
2025-08-02 20:52:39 INFO  [ACCESS] GET /transactions from 8080 -> 200
2025-08-02 20:52:39 INFO  [ACCESS] POST /notifications/register from 8080 -> 200
2025-08-02 20:52:58 INFO  [ACCESS] GET /transactions from 8080 -> 200
2025-08-02 20:52:58 INFO  [ACCESS] POST /notifications/register from 8080 -> 200
2025-08-02 20:58:04 INFO  [ACCESS] GET /transactions from 8080 -> 200
2025-08-02 20:58:04 INFO  [ACCESS] POST /notifications/register from 8080 -> 200
2025-08-02 20:58:08 INFO  [ACCESS] GET /transactions from 8080 -> 200
2025-08-02 20:58:08 INFO  [ACCESS] POST /notifications/register from 8080 -> 200
2025-08-02 20:58:19 INFO  [ACCESS] GET /transactions from 8080 -> 200
2025-08-02 20:58:19 INFO  [ACCESS] POST /notifications/register from 8080 -> 200
2025-08-02 20:58:29 INFO  [ACCESS] DELETE /transactions/26,24 from 8080 -> 200
2025-08-02 20:59:01 INFO  [ACCESS] GET /transactions from 8080 -> 200
2025-08-02 20:59:01 INFO  [ACCESS] POST /notifications/register from 8080 -> 200
2025-08-02 20:59:17 INFO  [ACCESS] GET /transactions from 8080 -> 200
2025-08-02 20:59:17 INFO  [ACCESS] POST /notifications/register from 8080 -> 200
2025-08-02 20:59:29 INFO  [ACCESS] GET /transactions from 8080 -> 200
2025-08-02 20:59:30 INFO  [ACCESS] POST /notifications/register from 8080 -> 200
2025-08-02 20:59:39 INFO  [ACCESS] GET /transactions from 8080 -> 200
2025-08-02 20:59:39 INFO  [ACCESS] POST /notifications/register from 8080 -> 200
2025-08-02 21:01:26 INFO  [ACCESS] GET /transactions from 8080 -> 200
2025-08-02 21:01:26 INFO  [ACCESS] POST /notifications/register from 8080 -> 200
2025-08-02 21:04:33 INFO  [ACCESS] GET /transactions from 8080 -> 200
2025-08-02 21:04:34 INFO  [ACCESS] POST /notifications/register from 8080 -> 200
2025-08-02 21:04:39 INFO  [ACCESS] GET /transactions from 8080 -> 200
2025-08-02 21:04:40 INFO  [ACCESS] POST /notifications/register from 8080 -> 200
